* Starting client
* Connecting to master process on port 11526
* Analyzing classpath: 
  - C:/Users/anaba/Downloads/commons-net-master/target/classes
  - C:\Program Files\Java\jdk1.8.0_281\jre\lib\charsets.jar
  - C:\Program Files\Java\jdk1.8.0_281\jre\lib\deploy.jar
  - C:\Program Files\Java\jdk1.8.0_281\jre\lib\ext\access-bridge-64.jar
  - C:\Program Files\Java\jdk1.8.0_281\jre\lib\ext\cldrdata.jar
  - C:\Program Files\Java\jdk1.8.0_281\jre\lib\ext\dnsns.jar
  - C:\Program Files\Java\jdk1.8.0_281\jre\lib\ext\jaccess.jar
  - C:\Program Files\Java\jdk1.8.0_281\jre\lib\ext\jfxrt.jar
  - C:\Program Files\Java\jdk1.8.0_281\jre\lib\ext\localedata.jar
  - C:\Program Files\Java\jdk1.8.0_281\jre\lib\ext\nashorn.jar
  - C:\Program Files\Java\jdk1.8.0_281\jre\lib\ext\sunec.jar
  - C:\Program Files\Java\jdk1.8.0_281\jre\lib\ext\sunjce_provider.jar
  - C:\Program Files\Java\jdk1.8.0_281\jre\lib\ext\sunmscapi.jar
  - C:\Program Files\Java\jdk1.8.0_281\jre\lib\ext\sunpkcs11.jar
  - C:\Program Files\Java\jdk1.8.0_281\jre\lib\ext\zipfs.jar
  - C:\Program Files\Java\jdk1.8.0_281\jre\lib\javaws.jar
  - C:\Program Files\Java\jdk1.8.0_281\jre\lib\jce.jar
  - C:\Program Files\Java\jdk1.8.0_281\jre\lib\jfr.jar
  - C:\Program Files\Java\jdk1.8.0_281\jre\lib\jfxswt.jar
  - C:\Program Files\Java\jdk1.8.0_281\jre\lib\jsse.jar
  - C:\Program Files\Java\jdk1.8.0_281\jre\lib\management-agent.jar
  - C:\Program Files\Java\jdk1.8.0_281\jre\lib\plugin.jar
  - C:\Program Files\Java\jdk1.8.0_281\jre\lib\resources.jar
  - C:\Program Files\Java\jdk1.8.0_281\jre\lib\rt.jar
  - C:\Users\anaba\Downloads\commons-net-master\target\test-classes
  - C:\Users\anaba\Downloads\commons-net-master\target\classes
  - C:\Users\anaba\.m2\repository\org\junit\jupiter\junit-jupiter-api\5.10.0\junit-jupiter-api-5.10.0.jar
  - C:\Users\anaba\.m2\repository\org\opentest4j\opentest4j\1.3.0\opentest4j-1.3.0.jar
  - C:\Users\anaba\.m2\repository\org\junit\platform\junit-platform-commons\1.10.0\junit-platform-commons-1.10.0.jar
  - C:\Users\anaba\.m2\repository\org\apiguardian\apiguardian-api\1.1.2\apiguardian-api-1.1.2.jar
  - C:\Users\anaba\.m2\repository\org\junit\vintage\junit-vintage-engine\5.10.0\junit-vintage-engine-5.10.0.jar
  - C:\Users\anaba\.m2\repository\org\junit\platform\junit-platform-engine\1.10.0\junit-platform-engine-1.10.0.jar
  - C:\Users\anaba\.m2\repository\junit\junit\4.13.2\junit-4.13.2.jar
  - C:\Users\anaba\.m2\repository\org\hamcrest\hamcrest-core\1.3\hamcrest-core-1.3.jar
  - C:\Users\anaba\.m2\repository\org\junit\jupiter\junit-jupiter-engine\5.10.0\junit-jupiter-engine-5.10.0.jar
  - C:\Users\anaba\.m2\repository\org\junit\jupiter\junit-jupiter-params\5.10.0\junit-jupiter-params-5.10.0.jar
  - C:\Users\anaba\.m2\repository\org\apache\ftpserver\ftpserver-core\1.2.0\ftpserver-core-1.2.0.jar
  - C:\Users\anaba\.m2\repository\org\apache\ftpserver\ftplet-api\1.2.0\ftplet-api-1.2.0.jar
  - C:\Users\anaba\.m2\repository\org\slf4j\slf4j-api\1.7.36\slf4j-api-1.7.36.jar
  - C:\Users\anaba\.m2\repository\org\apache\mina\mina-core\2.1.6\mina-core-2.1.6.jar
  - C:\Users\anaba\.m2\repository\commons-io\commons-io\2.14.0\commons-io-2.14.0.jar
  - C:\Users\anaba\.m2\repository\org\apache\commons\commons-lang3\3.13.0\commons-lang3-3.13.0.jar
* Finished analyzing classpath
* Generating tests for class org.apache.commons.net.io.FromNetASCIIInputStream
* Test criteria:
  - Line Coverage
  - Branch Coverage
  - Exception
  - Mutation testing (weak)
  - Method-Output Coverage
  - Top-Level Method Coverage
  - No-Exception Top-Level Method Coverage
  - Context Branch Coverage
* Setting up search algorithm for whole suite generation
[MASTER] 19:57:02.884 [pool-2-thread-1] WARN  TestSuiteSerialization - Cannot load tests because file does not exist: C:\Users\anaba\Downloads\commons-net-master\.evosuite\evosuite-seeds\org.apache.commons.net.io.FromNetASCIIInputStream.seed
* Loaded 0 tests from C:\Users\anaba\Downloads\commons-net-master\.evosuite\evosuite-seeds\org.apache.commons.net.io.FromNetASCIIInputStream.seed
* Total number of test goals: 
  - Line 35
  - Branch 26
  - Exception 0
  - MutationFactory 170
  - Output 14
  - Method 6
  - MethodNoException 6
  - CBranchFitnessFactory 26
* Using seed 1697756217516
* Starting evolution
* Search finished after 32s and 4 generations, 3046 statements, best individual has fitness: 228.57111111111112
* Writing sequences to pool
* Minimizing test suite
* Going to analyze the coverage criteria
* Coverage analysis for criterion LINE
* Coverage of criterion LINE: 31%
* Total number of goals: 35
* Number of covered goals: 11
* Coverage analysis for criterion BRANCH
* Coverage of criterion BRANCH: 27%
* Total number of goals: 26
* Number of covered goals: 7
* Coverage analysis for criterion EXCEPTION
* Coverage of criterion EXCEPTION: 100%
* Total number of goals: 8
* Number of covered goals: 8
* Coverage analysis for criterion WEAKMUTATION
* Coverage of criterion WEAKMUTATION: 19%
* Total number of goals: 170
* Number of covered goals: 33
* Coverage analysis for criterion OUTPUT
* Coverage of criterion OUTPUT: 71%
* Total number of goals: 14
* Number of covered goals: 10
* Coverage analysis for criterion METHOD
* Coverage of criterion METHOD: 100%
* Total number of goals: 6
* Number of covered goals: 6
* Coverage analysis for criterion METHODNOEXCEPTION
* Coverage of criterion METHODNOEXCEPTION: 100%
* Total number of goals: 6
* Number of covered goals: 6
* Coverage analysis for criterion CBRANCH
* Coverage of criterion CBRANCH: 27%
* Total number of goals: 26
* Number of covered goals: 7
* Generated 18 tests with total length 69
* Resulting test suite's coverage: 60% (average coverage for all fitness functions)
* Generating assertions
* Resulting test suite's mutation score: 15%
* Compiling and checking tests
* Writing JUnit test case 'FromNetASCIIInputStream_ESTest' to C:\Users\anaba\Downloads\commons-net-master\.evosuite\tmp_2023_10_19_18_26_09\tests
* Done!

