* Starting client
* Connecting to master process on port 6179
* Analyzing classpath: 
  - C:/Users/anaba/Downloads/commons-net-master/target/classes
  - C:\Program Files\Java\jdk1.8.0_281\jre\lib\charsets.jar
  - C:\Program Files\Java\jdk1.8.0_281\jre\lib\deploy.jar
  - C:\Program Files\Java\jdk1.8.0_281\jre\lib\ext\access-bridge-64.jar
  - C:\Program Files\Java\jdk1.8.0_281\jre\lib\ext\cldrdata.jar
  - C:\Program Files\Java\jdk1.8.0_281\jre\lib\ext\dnsns.jar
  - C:\Program Files\Java\jdk1.8.0_281\jre\lib\ext\jaccess.jar
  - C:\Program Files\Java\jdk1.8.0_281\jre\lib\ext\jfxrt.jar
  - C:\Program Files\Java\jdk1.8.0_281\jre\lib\ext\localedata.jar
  - C:\Program Files\Java\jdk1.8.0_281\jre\lib\ext\nashorn.jar
  - C:\Program Files\Java\jdk1.8.0_281\jre\lib\ext\sunec.jar
  - C:\Program Files\Java\jdk1.8.0_281\jre\lib\ext\sunjce_provider.jar
  - C:\Program Files\Java\jdk1.8.0_281\jre\lib\ext\sunmscapi.jar
  - C:\Program Files\Java\jdk1.8.0_281\jre\lib\ext\sunpkcs11.jar
  - C:\Program Files\Java\jdk1.8.0_281\jre\lib\ext\zipfs.jar
  - C:\Program Files\Java\jdk1.8.0_281\jre\lib\javaws.jar
  - C:\Program Files\Java\jdk1.8.0_281\jre\lib\jce.jar
  - C:\Program Files\Java\jdk1.8.0_281\jre\lib\jfr.jar
  - C:\Program Files\Java\jdk1.8.0_281\jre\lib\jfxswt.jar
  - C:\Program Files\Java\jdk1.8.0_281\jre\lib\jsse.jar
  - C:\Program Files\Java\jdk1.8.0_281\jre\lib\management-agent.jar
  - C:\Program Files\Java\jdk1.8.0_281\jre\lib\plugin.jar
  - C:\Program Files\Java\jdk1.8.0_281\jre\lib\resources.jar
  - C:\Program Files\Java\jdk1.8.0_281\jre\lib\rt.jar
  - C:\Users\anaba\Downloads\commons-net-master\target\test-classes
  - C:\Users\anaba\Downloads\commons-net-master\target\classes
  - C:\Users\anaba\.m2\repository\org\junit\jupiter\junit-jupiter-api\5.10.0\junit-jupiter-api-5.10.0.jar
  - C:\Users\anaba\.m2\repository\org\opentest4j\opentest4j\1.3.0\opentest4j-1.3.0.jar
  - C:\Users\anaba\.m2\repository\org\junit\platform\junit-platform-commons\1.10.0\junit-platform-commons-1.10.0.jar
  - C:\Users\anaba\.m2\repository\org\apiguardian\apiguardian-api\1.1.2\apiguardian-api-1.1.2.jar
  - C:\Users\anaba\.m2\repository\org\junit\vintage\junit-vintage-engine\5.10.0\junit-vintage-engine-5.10.0.jar
  - C:\Users\anaba\.m2\repository\org\junit\platform\junit-platform-engine\1.10.0\junit-platform-engine-1.10.0.jar
  - C:\Users\anaba\.m2\repository\junit\junit\4.13.2\junit-4.13.2.jar
  - C:\Users\anaba\.m2\repository\org\hamcrest\hamcrest-core\1.3\hamcrest-core-1.3.jar
  - C:\Users\anaba\.m2\repository\org\junit\jupiter\junit-jupiter-engine\5.10.0\junit-jupiter-engine-5.10.0.jar
  - C:\Users\anaba\.m2\repository\org\junit\jupiter\junit-jupiter-params\5.10.0\junit-jupiter-params-5.10.0.jar
  - C:\Users\anaba\.m2\repository\org\apache\ftpserver\ftpserver-core\1.2.0\ftpserver-core-1.2.0.jar
  - C:\Users\anaba\.m2\repository\org\apache\ftpserver\ftplet-api\1.2.0\ftplet-api-1.2.0.jar
  - C:\Users\anaba\.m2\repository\org\slf4j\slf4j-api\1.7.36\slf4j-api-1.7.36.jar
  - C:\Users\anaba\.m2\repository\org\apache\mina\mina-core\2.1.6\mina-core-2.1.6.jar
  - C:\Users\anaba\.m2\repository\commons-io\commons-io\2.14.0\commons-io-2.14.0.jar
  - C:\Users\anaba\.m2\repository\org\apache\commons\commons-lang3\3.13.0\commons-lang3-3.13.0.jar
* Finished analyzing classpath
* Generating tests for class org.apache.commons.net.telnet.Telnet
* Test criteria:
  - Line Coverage
  - Branch Coverage
  - Exception
  - Mutation testing (weak)
  - Method-Output Coverage
  - Top-Level Method Coverage
  - No-Exception Top-Level Method Coverage
  - Context Branch Coverage
* Setting up search algorithm for whole suite generation
[MASTER] 19:42:22.435 [pool-2-thread-1] WARN  TestSuiteSerialization - Cannot load tests because file does not exist: C:\Users\anaba\Downloads\commons-net-master\.evosuite\evosuite-seeds\org.apache.commons.net.telnet.Telnet.seed
* Loaded 0 tests from C:\Users\anaba\Downloads\commons-net-master\.evosuite\evosuite-seeds\org.apache.commons.net.telnet.Telnet.seed
* Total number of test goals: 
  - Line 285
  - Branch 218
  - Exception 0
  - MutationFactory 868
  - Output 18
  - Method 47
  - MethodNoException 47
  - CBranchFitnessFactory 218
* Using seed 1697755335914
* Starting evolution
[MASTER] 19:42:22.627 [pool-2-thread-1] WARN  TimeController - Phase INITIALIZATION lasted too long, 1 seconds more than allowed.
* Search finished after 32s and 13 generations, 4743 statements, best individual has fitness: 1510.0351059928835
* Writing sequences to pool
* Minimizing test suite
[MASTER] 19:43:00.428 [pool-2-thread-1] WARN  TestSuiteMinimizer - Minimization timeout. Roll back to original test suite
* Going to analyze the coverage criteria
* Coverage analysis for criterion LINE
* Coverage of criterion LINE: 53%
* Total number of goals: 285
* Number of covered goals: 152
* Coverage analysis for criterion BRANCH
* Coverage of criterion BRANCH: 43%
* Total number of goals: 218
* Number of covered goals: 93
* Coverage analysis for criterion EXCEPTION
* Coverage of criterion EXCEPTION: 100%
* Total number of goals: 42
* Number of covered goals: 42
* Coverage analysis for criterion WEAKMUTATION
* Coverage of criterion WEAKMUTATION: 51%
* Total number of goals: 868
* Number of covered goals: 444
* Coverage analysis for criterion OUTPUT
* Coverage of criterion OUTPUT: 33%
* Total number of goals: 18
* Number of covered goals: 6
* Coverage analysis for criterion METHOD
* Coverage of criterion METHOD: 100%
* Total number of goals: 47
* Number of covered goals: 47
* Coverage analysis for criterion METHODNOEXCEPTION
* Coverage of criterion METHODNOEXCEPTION: 68%
* Total number of goals: 47
* Number of covered goals: 32
* Coverage analysis for criterion CBRANCH
* Coverage of criterion CBRANCH: 43%
* Total number of goals: 218
* Number of covered goals: 93
* Generated 87 tests with total length 1224
* Resulting test suite's coverage: 61% (average coverage for all fitness functions)
* Generating assertions
[MASTER] 19:43:05.400 [pool-2-thread-1] WARN  SimpleMutationAssertionGenerator - Assertion minimization is taking too long (0.675% of time used, but only 5/87 tests minimized), falling back to using all assertions
* Resulting test suite's mutation score: 0%
* Compiling and checking tests
* Permissions denied during test execution: 
  - java.lang.RuntimePermission: 
         writeFileDescriptor: 1
  - java.net.SocketPermission: 
         connect,resolve 127.0.0.1:23: 1
         connect,resolve 192.168.1.42:23: 4
         connect,resolve 127.0.0.1:13: 106
         and other 6 cases of action/name for this exception class
* Writing JUnit test case 'Telnet_ESTest' to C:\Users\anaba\Downloads\commons-net-master\.evosuite\tmp_2023_10_19_18_26_09\tests
* Done!

