[MASTER] 20:40:51.099 [pool-2-thread-1] ERROR ClientNodeImpl - Error when generating tests for: org.apache.commons.net.examples.util.IOUtil with seed 1697758734554. Configuration id : default
java.lang.OutOfMemoryError: GC overhead limit exceeded
	at java.lang.String.toCharArray(String.java:2899) ~[na:1.8.0_202]
	at java.util.zip.ZipCoder.getBytes(ZipCoder.java:78) ~[na:1.8.0_202]
	at java.util.zip.ZipFile.getEntry(ZipFile.java:316) ~[na:1.8.0_202]
	at java.util.jar.JarFile.getEntry(JarFile.java:240) ~[na:1.8.0_202]
	at java.util.jar.JarFile.getJarEntry(JarFile.java:223) ~[na:1.8.0_202]
	at sun.misc.URLClassPath$JarLoader.getResource(URLClassPath.java:1054) ~[na:1.8.0_202]
	at sun.misc.URLClassPath.getResource(URLClassPath.java:249) ~[na:1.8.0_202]
	at java.net.URLClassLoader$1.run(URLClassLoader.java:366) ~[na:1.8.0_202]
	at java.net.URLClassLoader$1.run(URLClassLoader.java:363) ~[na:1.8.0_202]
	at java.security.AccessController.doPrivileged(Native Method) ~[na:1.8.0_202]
	at java.net.URLClassLoader.findClass(URLClassLoader.java:362) ~[na:1.8.0_202]
	at java.lang.ClassLoader.loadClass(ClassLoader.java:424) ~[na:1.8.0_202]
	at sun.misc.Launcher$AppClassLoader.loadClass(Launcher.java:349) ~[na:1.8.0_202]
	at java.lang.ClassLoader.loadClass(ClassLoader.java:357) ~[na:1.8.0_202]
	at org.evosuite.testcase.TestVisitor.visitStatement(TestVisitor.java:148) ~[evosuite-1.0.6.jar:1.0.6]
	at org.evosuite.testcase.TestCodeVisitor.visitStatement(TestCodeVisitor.java:1867) ~[evosuite-1.0.6.jar:1.0.6]
	at org.evosuite.testcase.statements.AbstractStatement.getCode(AbstractStatement.java:279) ~[evosuite-1.0.6.jar:1.0.6]
	at org.evosuite.testcase.statements.AbstractStatement.getCode(AbstractStatement.java:271) ~[evosuite-1.0.6.jar:1.0.6]
	at org.evosuite.testcase.DefaultTestCase.accept(DefaultTestCase.java:115) ~[evosuite-1.0.6.jar:1.0.6]
	at org.evosuite.testcase.DefaultTestCase.toCode(DefaultTestCase.java:1180) ~[evosuite-1.0.6.jar:1.0.6]
	at org.evosuite.testcase.execution.TestCaseExecutor.execute(TestCaseExecutor.java:416) ~[evosuite-1.0.6.jar:1.0.6]
	at org.evosuite.testcase.execution.TestCaseExecutor.execute(TestCaseExecutor.java:277) ~[evosuite-1.0.6.jar:1.0.6]
	at org.evosuite.testcase.execution.TestCaseExecutor.execute(TestCaseExecutor.java:264) ~[evosuite-1.0.6.jar:1.0.6]
	at org.evosuite.testsuite.TestSuiteFitnessFunction.runTest(TestSuiteFitnessFunction.java:63) ~[evosuite-1.0.6.jar:1.0.6]
	at org.evosuite.testcase.TestChromosome.executeForFitnessFunction(TestChromosome.java:692) ~[evosuite-1.0.6.jar:1.0.6]
	at org.evosuite.testsuite.TestSuiteFitnessFunction.runTestSuite(TestSuiteFitnessFunction.java:97) ~[evosuite-1.0.6.jar:1.0.6]
	at org.evosuite.coverage.line.LineCoverageSuiteFitness.getFitness(LineCoverageSuiteFitness.java:157) ~[evosuite-1.0.6.jar:1.0.6]
	at org.evosuite.coverage.line.LineCoverageSuiteFitness.getFitness(LineCoverageSuiteFitness.java:45) ~[evosuite-1.0.6.jar:1.0.6]
	at org.evosuite.ga.metaheuristics.GeneticAlgorithm.calculateFitnessAndSortPopulation(GeneticAlgorithm.java:579) ~[evosuite-1.0.6.jar:1.0.6]
	at org.evosuite.ga.metaheuristics.MonotonicGA.initializePopulation(MonotonicGA.java:206) ~[evosuite-1.0.6.jar:1.0.6]
	at org.evosuite.ga.metaheuristics.MonotonicGA.generateSolution(MonotonicGA.java:223) ~[evosuite-1.0.6.jar:1.0.6]
	at org.evosuite.strategy.WholeTestSuiteStrategy.generateTests(WholeTestSuiteStrategy.java:113) ~[evosuite-1.0.6.jar:1.0.6]
