[MASTER] 19:29:52.678 [pool-2-thread-1] ERROR ConcreteClassAnalyzer - Problem for org.apache.commons.net.util.SSLContextUtils. Class not found: com.sun.deploy.uitoolkit.impl.fx.FXPreloader$Notifier
java.lang.NoClassDefFoundError: com/sun/applet2/preloader/Preloader
	at java.lang.ClassLoader.defineClass1(Native Method) ~[na:1.8.0_202]
	at java.lang.ClassLoader.defineClass(ClassLoader.java:763) ~[na:1.8.0_202]
	at java.security.SecureClassLoader.defineClass(SecureClassLoader.java:142) ~[na:1.8.0_202]
	at java.net.URLClassLoader.defineClass(URLClassLoader.java:468) ~[na:1.8.0_202]
	at java.net.URLClassLoader.access$100(URLClassLoader.java:74) ~[na:1.8.0_202]
	at java.net.URLClassLoader$1.run(URLClassLoader.java:369) ~[na:1.8.0_202]
	at java.net.URLClassLoader$1.run(URLClassLoader.java:363) ~[na:1.8.0_202]
	at java.security.AccessController.doPrivileged(Native Method) ~[na:1.8.0_202]
	at java.net.URLClassLoader.findClass(URLClassLoader.java:362) ~[na:1.8.0_202]
	at java.lang.ClassLoader.loadClass(ClassLoader.java:424) ~[na:1.8.0_202]
	at java.lang.ClassLoader.loadClass(ClassLoader.java:357) ~[na:1.8.0_202]
	at java.lang.Class.getDeclaringClass0(Native Method) ~[na:1.8.0_202]
	at java.lang.Class.getDeclaringClass(Class.java:1235) ~[na:1.8.0_202]
	at java.lang.Class.getEnclosingClass(Class.java:1277) ~[na:1.8.0_202]
	at java.lang.Class.getSimpleBinaryName(Class.java:1443) ~[na:1.8.0_202]
	at java.lang.Class.getSimpleName(Class.java:1309) ~[na:1.8.0_202]
	at java.lang.Class.isAnonymousClass(Class.java:1411) ~[na:1.8.0_202]
	at org.evosuite.setup.TestUsageChecker.canUse(TestUsageChecker.java:155) ~[evosuite-1.0.6.jar:1.0.6]
	at org.evosuite.setup.ConcreteClassAnalyzer.getConcreteClassesImpl(ConcreteClassAnalyzer.java:133) [evosuite-1.0.6.jar:1.0.6]
	at org.evosuite.setup.ConcreteClassAnalyzer.getConcreteClasses(ConcreteClassAnalyzer.java:61) [evosuite-1.0.6.jar:1.0.6]
	at org.evosuite.setup.TestClusterGenerator.addDependency(TestClusterGenerator.java:878) [evosuite-1.0.6.jar:1.0.6]
	at org.evosuite.setup.TestClusterGenerator.addDependencies(TestClusterGenerator.java:789) [evosuite-1.0.6.jar:1.0.6]
	at org.evosuite.setup.TestClusterGenerator.addDependencyClass(TestClusterGenerator.java:985) [evosuite-1.0.6.jar:1.0.6]
	at org.evosuite.setup.TestClusterGenerator.resolveDependencies(TestClusterGenerator.java:358) [evosuite-1.0.6.jar:1.0.6]
	at org.evosuite.setup.TestClusterGenerator.generateCluster(TestClusterGenerator.java:137) [evosuite-1.0.6.jar:1.0.6]
	at org.evosuite.setup.DependencyAnalysis.analyze(DependencyAnalysis.java:118) [evosuite-1.0.6.jar:1.0.6]
	at org.evosuite.setup.DependencyAnalysis.analyzeClass(DependencyAnalysis.java:132) [evosuite-1.0.6.jar:1.0.6]
	at org.evosuite.TestSuiteGenerator.initializeTargetClass(TestSuiteGenerator.java:110) [evosuite-1.0.6.jar:1.0.6]
	at org.evosuite.TestSuiteGenerator.generateTestSuite(TestSuiteGenerator.java:130) [evosuite-1.0.6.jar:1.0.6]
	at org.evosuite.rmi.service.ClientNodeImpl$1.run(ClientNodeImpl.java:145) [evosuite-1.0.6.jar:1.0.6]
	at java.util.concurrent.Executors$RunnableAdapter.call(Executors.java:511) [na:1.8.0_202]
	at java.util.concurrent.FutureTask.run(FutureTask.java:266) [na:1.8.0_202]
	at java.util.concurrent.ThreadPoolExecutor.runWorker(ThreadPoolExecutor.java:1149) [na:1.8.0_202]
	at java.util.concurrent.ThreadPoolExecutor$Worker.run(ThreadPoolExecutor.java:624) [na:1.8.0_202]
	at java.lang.Thread.run(Thread.java:748) [na:1.8.0_202]
Caused by: java.lang.ClassNotFoundException: com.sun.applet2.preloader.Preloader
	at java.net.URLClassLoader.findClass(URLClassLoader.java:382) ~[na:1.8.0_202]
	at java.lang.ClassLoader.loadClass(ClassLoader.java:424) ~[na:1.8.0_202]
	at java.lang.ClassLoader.loadClass(ClassLoader.java:357) ~[na:1.8.0_202]
	... 35 common frames omitted
[MASTER] 19:29:52.679 [pool-2-thread-1] ERROR ConcreteClassAnalyzer - Removing class from inheritance tree
