* Starting client
* Connecting to master process on port 16143
* Analyzing classpath: 
  - C:/Users/anaba/Downloads/commons-net-master/target/classes
  - C:\Program Files\Java\jdk1.8.0_281\jre\lib\charsets.jar
  - C:\Program Files\Java\jdk1.8.0_281\jre\lib\deploy.jar
  - C:\Program Files\Java\jdk1.8.0_281\jre\lib\ext\access-bridge-64.jar
  - C:\Program Files\Java\jdk1.8.0_281\jre\lib\ext\cldrdata.jar
  - C:\Program Files\Java\jdk1.8.0_281\jre\lib\ext\dnsns.jar
  - C:\Program Files\Java\jdk1.8.0_281\jre\lib\ext\jaccess.jar
  - C:\Program Files\Java\jdk1.8.0_281\jre\lib\ext\jfxrt.jar
  - C:\Program Files\Java\jdk1.8.0_281\jre\lib\ext\localedata.jar
  - C:\Program Files\Java\jdk1.8.0_281\jre\lib\ext\nashorn.jar
  - C:\Program Files\Java\jdk1.8.0_281\jre\lib\ext\sunec.jar
  - C:\Program Files\Java\jdk1.8.0_281\jre\lib\ext\sunjce_provider.jar
  - C:\Program Files\Java\jdk1.8.0_281\jre\lib\ext\sunmscapi.jar
  - C:\Program Files\Java\jdk1.8.0_281\jre\lib\ext\sunpkcs11.jar
  - C:\Program Files\Java\jdk1.8.0_281\jre\lib\ext\zipfs.jar
  - C:\Program Files\Java\jdk1.8.0_281\jre\lib\javaws.jar
  - C:\Program Files\Java\jdk1.8.0_281\jre\lib\jce.jar
  - C:\Program Files\Java\jdk1.8.0_281\jre\lib\jfr.jar
  - C:\Program Files\Java\jdk1.8.0_281\jre\lib\jfxswt.jar
  - C:\Program Files\Java\jdk1.8.0_281\jre\lib\jsse.jar
  - C:\Program Files\Java\jdk1.8.0_281\jre\lib\management-agent.jar
  - C:\Program Files\Java\jdk1.8.0_281\jre\lib\plugin.jar
  - C:\Program Files\Java\jdk1.8.0_281\jre\lib\resources.jar
  - C:\Program Files\Java\jdk1.8.0_281\jre\lib\rt.jar
  - C:\Users\anaba\Downloads\commons-net-master\target\test-classes
  - C:\Users\anaba\Downloads\commons-net-master\target\classes
  - C:\Users\anaba\.m2\repository\org\junit\jupiter\junit-jupiter-api\5.10.0\junit-jupiter-api-5.10.0.jar
  - C:\Users\anaba\.m2\repository\org\opentest4j\opentest4j\1.3.0\opentest4j-1.3.0.jar
  - C:\Users\anaba\.m2\repository\org\junit\platform\junit-platform-commons\1.10.0\junit-platform-commons-1.10.0.jar
  - C:\Users\anaba\.m2\repository\org\apiguardian\apiguardian-api\1.1.2\apiguardian-api-1.1.2.jar
  - C:\Users\anaba\.m2\repository\org\junit\vintage\junit-vintage-engine\5.10.0\junit-vintage-engine-5.10.0.jar
  - C:\Users\anaba\.m2\repository\org\junit\platform\junit-platform-engine\1.10.0\junit-platform-engine-1.10.0.jar
  - C:\Users\anaba\.m2\repository\junit\junit\4.13.2\junit-4.13.2.jar
  - C:\Users\anaba\.m2\repository\org\hamcrest\hamcrest-core\1.3\hamcrest-core-1.3.jar
  - C:\Users\anaba\.m2\repository\org\junit\jupiter\junit-jupiter-engine\5.10.0\junit-jupiter-engine-5.10.0.jar
  - C:\Users\anaba\.m2\repository\org\junit\jupiter\junit-jupiter-params\5.10.0\junit-jupiter-params-5.10.0.jar
  - C:\Users\anaba\.m2\repository\org\apache\ftpserver\ftpserver-core\1.2.0\ftpserver-core-1.2.0.jar
  - C:\Users\anaba\.m2\repository\org\apache\ftpserver\ftplet-api\1.2.0\ftplet-api-1.2.0.jar
  - C:\Users\anaba\.m2\repository\org\slf4j\slf4j-api\1.7.36\slf4j-api-1.7.36.jar
  - C:\Users\anaba\.m2\repository\org\apache\mina\mina-core\2.1.6\mina-core-2.1.6.jar
  - C:\Users\anaba\.m2\repository\commons-io\commons-io\2.14.0\commons-io-2.14.0.jar
  - C:\Users\anaba\.m2\repository\org\apache\commons\commons-lang3\3.13.0\commons-lang3-3.13.0.jar
* Finished analyzing classpath
* Generating tests for class org.apache.commons.net.nntp.Article
* Test criteria:
  - Line Coverage
  - Branch Coverage
  - Exception
  - Mutation testing (weak)
  - Method-Output Coverage
  - Top-Level Method Coverage
  - No-Exception Top-Level Method Coverage
  - Context Branch Coverage
* Setting up search algorithm for whole suite generation
[MASTER] 19:55:18.862 [pool-2-thread-1] WARN  TestSuiteSerialization - Cannot load tests because file does not exist: C:\Users\anaba\Downloads\commons-net-master\.evosuite\evosuite-seeds\org.apache.commons.net.nntp.Article.seed
* Loaded 0 tests from C:\Users\anaba\Downloads\commons-net-master\.evosuite\evosuite-seeds\org.apache.commons.net.nntp.Article.seed
* Total number of test goals: 
  - Line 93
  - Branch 91
  - Exception 0
  - MutationFactory 264
  - Output 42
  - Method 29
  - MethodNoException 29
  - CBranchFitnessFactory 91
* Using seed 1697756111966
* Starting evolution
[MASTER] 19:55:19.109 [pool-2-thread-1] WARN  TimeController - Phase INITIALIZATION lasted too long, 1 seconds more than allowed.
* Search finished after 33s and 17 generations, 4085 statements, best individual has fitness: 463.4417077175698
* Writing sequences to pool
* Minimizing test suite
[MASTER] 19:56:04.358 [pool-2-thread-1] WARN  TestSuiteMinimizer - Minimization timeout. Roll back to original test suite
* Going to analyze the coverage criteria
* Coverage analysis for criterion LINE
* Coverage of criterion LINE: 70%
* Total number of goals: 93
* Number of covered goals: 65
* Coverage analysis for criterion BRANCH
* Coverage of criterion BRANCH: 45%
* Total number of goals: 91
* Number of covered goals: 41
* Coverage analysis for criterion EXCEPTION
* Coverage of criterion EXCEPTION: 100%
* Total number of goals: 6
* Number of covered goals: 6
* Coverage analysis for criterion WEAKMUTATION
* Coverage of criterion WEAKMUTATION: 22%
* Total number of goals: 264
* Number of covered goals: 59
* Coverage analysis for criterion OUTPUT
* Coverage of criterion OUTPUT: 38%
* Total number of goals: 42
* Number of covered goals: 16
* Coverage analysis for criterion METHOD
* Coverage of criterion METHOD: 100%
* Total number of goals: 29
* Number of covered goals: 29
* Coverage analysis for criterion METHODNOEXCEPTION
* Coverage of criterion METHODNOEXCEPTION: 97%
* Total number of goals: 29
* Number of covered goals: 28
* Coverage analysis for criterion CBRANCH
* Coverage of criterion CBRANCH: 45%
* Total number of goals: 91
* Number of covered goals: 41
* Generated 36 tests with total length 268
* Resulting test suite's coverage: 65% (average coverage for all fitness functions)
* Generating assertions
[MASTER] 19:56:52.835 [pool-2-thread-1] WARN  TimeController - Current phase ASSERTION_GENERATION could run up to 5s, but only -40s are left
* Skipping assertion generation because not enough time is left
* Compiling and checking tests
[MASTER] 19:56:52.890 [pool-2-thread-1] WARN  TimeController - Current phase JUNIT_CHECK could run up to 5s, but only -40s are left
[MASTER] 19:56:52.891 [pool-2-thread-1] WARN  TimeController - Current phase WRITING_TESTS could run up to 5s, but only -40s are left
* Writing JUnit test case 'Article_ESTest' to C:\Users\anaba\Downloads\commons-net-master\.evosuite\tmp_2023_10_19_18_26_09\tests
* Done!

